<?xml version="1.0" encoding="UTF-8"?>
<!-- Generated by org.testng.reporters.JUnitXMLReporter -->
<testsuite ignored="0" hostname="DESKTOP-HFIQ142" failures="0" tests="6" name="testlerim" time="0.082" errors="0" timestamp="2023-03-15T20:56:40 EET">
  <testcase classname="kodlanir.AbTest" name="aTest" time="0.001"/>
  <testcase classname="kodlanir.AbTest" name="bTest" time="0.001"/>
  <testcase classname="kodlanir.DeTest" name="dTest" time="0.0"/>
  <testcase classname="kodlanir.DeTest" name="eTest" time="0.0"/>
  <testcase classname="kodlanir.Pr" name="pTest" time="0.0"/>
  <testcase classname="kodlanir.Pr" name="rTest" time="0.0"/>
</testsuite> <!-- testlerim -->
