<?xml version="1.0" encoding="UTF-8"?>
<testng-results ignored="0" total="6" passed="6" failed="0" skipped="0">
  <reporter-output>
  </reporter-output>
  <suite started-at="2023-03-15T20:56:40 EET" name="TestNGIntegration Suite" finished-at="2023-03-15T20:56:40 EET" duration-ms="82">
    <groups>
    </groups>
    <test started-at="2023-03-15T20:56:40 EET" name="testlerim" finished-at="2023-03-15T20:56:40 EET" duration-ms="82">
      <class name="kodlanir.DeTest">
        <test-method signature="dTest()[pri:0, instance:kodlanir.DeTest@ffaa6af]" started-at="2023-03-15T20:56:40 EET" name="dTest" finished-at="2023-03-15T20:56:40 EET" duration-ms="0" status="PASS">
          <reporter-output>
          </reporter-output>
        </test-method> <!-- dTest -->
        <test-method signature="eTest()[pri:0, instance:kodlanir.DeTest@ffaa6af]" started-at="2023-03-15T20:56:40 EET" name="eTest" finished-at="2023-03-15T20:56:40 EET" duration-ms="0" status="PASS">
          <reporter-output>
          </reporter-output>
        </test-method> <!-- eTest -->
      </class> <!-- kodlanir.DeTest -->
      <class name="kodlanir.Pr">
        <test-method signature="pTest()[pri:0, instance:kodlanir.Pr@53ce1329]" started-at="2023-03-15T20:56:40 EET" name="pTest" finished-at="2023-03-15T20:56:40 EET" duration-ms="0" status="PASS">
          <reporter-output>
          </reporter-output>
        </test-method> <!-- pTest -->
        <test-method signature="rTest()[pri:0, instance:kodlanir.Pr@53ce1329]" started-at="2023-03-15T20:56:40 EET" name="rTest" finished-at="2023-03-15T20:56:40 EET" duration-ms="0" status="PASS">
          <reporter-output>
          </reporter-output>
        </test-method> <!-- rTest -->
      </class> <!-- kodlanir.Pr -->
      <class name="kodlanir.AbTest">
        <test-method is-config="true" signature="beforeMethod()[pri:0, instance:kodlanir.AbTest@4d465b11]" started-at="2023-03-15T20:56:40 EET" name="beforeMethod" finished-at="2023-03-15T20:56:40 EET" duration-ms="16" status="PASS">
          <reporter-output>
          </reporter-output>
        </test-method> <!-- beforeMethod -->
        <test-method signature="aTest()[pri:0, instance:kodlanir.AbTest@4d465b11]" started-at="2023-03-15T20:56:40 EET" name="aTest" finished-at="2023-03-15T20:56:40 EET" duration-ms="1" status="PASS">
          <reporter-output>
          </reporter-output>
        </test-method> <!-- aTest -->
        <test-method is-config="true" signature="afterMethod()[pri:0, instance:kodlanir.AbTest@4d465b11]" started-at="2023-03-15T20:56:40 EET" name="afterMethod" finished-at="2023-03-15T20:56:40 EET" duration-ms="1" status="PASS">
          <reporter-output>
          </reporter-output>
        </test-method> <!-- afterMethod -->
        <test-method signature="bTest()[pri:0, instance:kodlanir.AbTest@4d465b11]" started-at="2023-03-15T20:56:40 EET" name="bTest" finished-at="2023-03-15T20:56:40 EET" duration-ms="1" status="PASS">
          <reporter-output>
          </reporter-output>
        </test-method> <!-- bTest -->
        <test-method is-config="true" signature="beforeMethod()[pri:0, instance:kodlanir.AbTest@4d465b11]" started-at="2023-03-15T20:56:40 EET" name="beforeMethod" finished-at="2023-03-15T20:56:40 EET" duration-ms="0" status="PASS">
          <reporter-output>
          </reporter-output>
        </test-method> <!-- beforeMethod -->
        <test-method is-config="true" signature="afterMethod()[pri:0, instance:kodlanir.AbTest@4d465b11]" started-at="2023-03-15T20:56:40 EET" name="afterMethod" finished-at="2023-03-15T20:56:40 EET" duration-ms="1" status="PASS">
          <reporter-output>
          </reporter-output>
        </test-method> <!-- afterMethod -->
      </class> <!-- kodlanir.AbTest -->
    </test> <!-- testlerim -->
  </suite> <!-- TestNGIntegration Suite -->
</testng-results>
